<?xml version="1.0" encoding="UTF-8"?>
<!-- Generated by org.testng.reporters.JUnitReportReporter -->
<testsuite skipped="0" hostname="ThinkPad-X230" name="medinfi_test.Testit" tests="1" failures="0" timestamp="16 Feb 2017 05:16:29 GMT" time="53.247" errors="0">
  <testcase name="count_display" time="53.247" classname="medinfi_test.Testit"/>
</testsuite> <!-- medinfi_test.Testit -->
